DEPRECATION WARNING: [] is deprecated and will be removed from Rails 6.2 (Use configs_for) (called from migration_template at (erb):6)
DEPRECATION WARNING: [] is deprecated and will be removed from Rails 6.2 (Use configs_for) (called from migration_template at (erb):6)
DEPRECATION WARNING: [] is deprecated and will be removed from Rails 6.2 (Use configs_for) (called from <main> at /home/mert/Desktop/members-only/bin/rails:5)
DEPRECATION WARNING: [] is deprecated and will be removed from Rails 6.2 (Use configs_for) (called from <main> at /home/mert/Desktop/members-only/bin/rails:5)
DEPRECATION WARNING: [] is deprecated and will be removed from Rails 6.2 (Use configs_for) (called from <main> at /home/mert/Desktop/members-only/bin/rails:5)
DEPRECATION WARNING: [] is deprecated and will be removed from Rails 6.2 (Use configs_for) (called from <main> at /home/mert/Desktop/members-only/bin/rails:5)
DEPRECATION WARNING: [] is deprecated and will be removed from Rails 6.2 (Use configs_for) (called from <main> at /home/mert/Desktop/members-only/bin/rails:5)
  [1m[35m (3.0ms)[0m  [1m[34mSELECT sqlite_version(*)[0m
  [1m[35m (5.0ms)[0m  [1m[35mCREATE TABLE "schema_migrations" ("version" varchar NOT NULL PRIMARY KEY)[0m
  [1m[35m (3.8ms)[0m  [1m[35mCREATE TABLE "ar_internal_metadata" ("key" varchar NOT NULL PRIMARY KEY, "value" varchar, "created_at" datetime(6) NOT NULL, "updated_at" datetime(6) NOT NULL)[0m
  [1m[35m (0.2ms)[0m  [1m[34mSELECT "schema_migrations"."version" FROM "schema_migrations" ORDER BY "schema_migrations"."version" ASC[0m
  [1m[35m (0.1ms)[0m  [1m[34mSELECT "schema_migrations"."version" FROM "schema_migrations" ORDER BY "schema_migrations"."version" ASC[0m
  [1m[35m (0.1ms)[0m  [1m[34mSELECT "schema_migrations"."version" FROM "schema_migrations" ORDER BY "schema_migrations"."version" ASC[0m
  [1m[35m (0.1ms)[0m  [1m[34mSELECT sqlite_version(*)[0m
  [1m[35m (0.1ms)[0m  [1m[34mSELECT "schema_migrations"."version" FROM "schema_migrations" ORDER BY "schema_migrations"."version" ASC[0m
  [1m[35m (1.0ms)[0m  [1m[34mSELECT sqlite_version(*)[0m
  [1m[35m (0.3ms)[0m  [1m[34mSELECT "schema_migrations"."version" FROM "schema_migrations" ORDER BY "schema_migrations"."version" ASC[0m
Migrating to DeviseCreateUsers (20210420083333)
  [1m[36mTRANSACTION (18.6ms)[0m  [1m[36mbegin transaction[0m
  [1m[35m (1.3ms)[0m  [1m[35mCREATE TABLE "users" ("id" integer PRIMARY KEY AUTOINCREMENT NOT NULL, "email" varchar DEFAULT '' NOT NULL, "encrypted_password" varchar DEFAULT '' NOT NULL, "reset_password_token" varchar, "reset_password_sent_at" datetime, "remember_created_at" datetime, "created_at" datetime(6) NOT NULL, "updated_at" datetime(6) NOT NULL)[0m
  [1m[35m (0.5ms)[0m  [1m[35mCREATE UNIQUE INDEX "index_users_on_email" ON "users" ("email")[0m
  [1m[35m (0.7ms)[0m  [1m[35mCREATE UNIQUE INDEX "index_users_on_reset_password_token" ON "users" ("reset_password_token")[0m
  [1m[36mActiveRecord::SchemaMigration Create (3.3ms)[0m  [1m[32mINSERT INTO "schema_migrations" ("version") VALUES (?)[0m  [["version", "20210420083333"]]
  [1m[36mTRANSACTION (6.6ms)[0m  [1m[36mcommit transaction[0m
  [1m[36mActiveRecord::InternalMetadata Load (0.3ms)[0m  [1m[34mSELECT "ar_internal_metadata".* FROM "ar_internal_metadata" WHERE "ar_internal_metadata"."key" = ? LIMIT ?[0m  [["key", "environment"], ["LIMIT", 1]]
  [1m[36mTRANSACTION (0.1ms)[0m  [1m[36mbegin transaction[0m
  [1m[36mActiveRecord::InternalMetadata Create (0.3ms)[0m  [1m[32mINSERT INTO "ar_internal_metadata" ("key", "value", "created_at", "updated_at") VALUES (?, ?, ?, ?)[0m  [["key", "environment"], ["value", "development"], ["created_at", "2021-04-20 08:34:25.994922"], ["updated_at", "2021-04-20 08:34:25.994922"]]
  [1m[36mTRANSACTION (2.3ms)[0m  [1m[36mcommit transaction[0m
  [1m[35m (0.1ms)[0m  [1m[34mSELECT sqlite_version(*)[0m
  [1m[35m (0.6ms)[0m  [1m[34mSELECT "schema_migrations"."version" FROM "schema_migrations" ORDER BY "schema_migrations"."version" ASC[0m
  [1m[35m (2.6ms)[0m  [1m[34mSELECT sqlite_version(*)[0m
  [1m[35m (0.5ms)[0m  [1m[34mSELECT "schema_migrations"."version" FROM "schema_migrations" ORDER BY "schema_migrations"."version" ASC[0m
Migrating to CreatePosts (20210420083606)
  [1m[36mTRANSACTION (0.4ms)[0m  [1m[36mbegin transaction[0m
  [1m[35m (0.8ms)[0m  [1m[35mCREATE TABLE "posts" ("id" integer PRIMARY KEY AUTOINCREMENT NOT NULL, "title" varchar, "body" text, "user_id" integer NOT NULL, "created_at" datetime(6) NOT NULL, "updated_at" datetime(6) NOT NULL, CONSTRAINT "fk_rails_5b5ddfd518"
FOREIGN KEY ("user_id")
  REFERENCES "users" ("id")
)[0m
  [1m[35m (0.6ms)[0m  [1m[35mCREATE INDEX "index_posts_on_user_id" ON "posts" ("user_id")[0m
  [1m[36mActiveRecord::SchemaMigration Create (0.7ms)[0m  [1m[32mINSERT INTO "schema_migrations" ("version") VALUES (?)[0m  [["version", "20210420083606"]]
  [1m[36mTRANSACTION (3.8ms)[0m  [1m[36mcommit transaction[0m
  [1m[36mActiveRecord::InternalMetadata Load (0.6ms)[0m  [1m[34mSELECT "ar_internal_metadata".* FROM "ar_internal_metadata" WHERE "ar_internal_metadata"."key" = ? LIMIT ?[0m  [["key", "environment"], ["LIMIT", 1]]
  [1m[35m (0.1ms)[0m  [1m[34mSELECT sqlite_version(*)[0m
  [1m[35m (0.2ms)[0m  [1m[34mSELECT "schema_migrations"."version" FROM "schema_migrations" ORDER BY "schema_migrations"."version" ASC[0m
Started GET "/" for 127.0.0.1 at 2021-04-20 11:38:05 +0300
  [1m[35m (1.6ms)[0m  [1m[34mSELECT sqlite_version(*)[0m
  [1m[35m (0.8ms)[0m  [1m[34mSELECT "schema_migrations"."version" FROM "schema_migrations" ORDER BY "schema_migrations"."version" ASC[0m
Processing by PostsController#index as HTML
  Rendering layout layouts/application.html.erb
  Rendering posts/index.html.erb within layouts/application
  [1m[36mPost Load (0.6ms)[0m  [1m[34mSELECT "posts".* FROM "posts"[0m
  ↳ app/views/posts/index.html.erb:16
  Rendered posts/index.html.erb within layouts/application (Duration: 27.9ms | Allocations: 1480)
[Webpacker] Compiling...
Started GET "/" for 127.0.0.1 at 2021-04-20 11:38:08 +0300
Processing by PostsController#index as HTML
  Rendering layout layouts/application.html.erb
  Rendering posts/index.html.erb within layouts/application
  [1m[35m (1.1ms)[0m  [1m[34mSELECT sqlite_version(*)[0m
  ↳ app/views/posts/index.html.erb:16
  [1m[36mPost Load (0.6ms)[0m  [1m[34mSELECT "posts".* FROM "posts"[0m
  ↳ app/views/posts/index.html.erb:16
  Rendered posts/index.html.erb within layouts/application (Duration: 19.2ms | Allocations: 1462)
[Webpacker] Compiling...
[Webpacker] Compiled all packs in /home/mert/Desktop/members-only/public/packs
[Webpacker] Hash: e332c6419728fac579d5
Version: webpack 4.46.0
Time: 5476ms
Built at: 04/20/2021 11:38:16 AM
                                     Asset       Size       Chunks                         Chunk Names
    js/application-f826770d917d8a37c1d8.js    125 KiB  application  [emitted] [immutable]  application
js/application-f826770d917d8a37c1d8.js.map    139 KiB  application  [emitted] [dev]        application
                             manifest.json  364 bytes               [emitted]              
Entrypoint application = js/application-f826770d917d8a37c1d8.js js/application-f826770d917d8a37c1d8.js.map
[./app/javascript/channels sync recursive _channel\.js$] ./app/javascript/channels sync _channel\.js$ 160 bytes {application} [built]
[./app/javascript/channels/index.js] 211 bytes {application} [built]
[./app/javascript/packs/application.js] 492 bytes {application} [built]
[./node_modules/webpack/buildin/module.js] (webpack)/buildin/module.js 552 bytes {application} [built]
    + 3 hidden modules

  Rendered layout layouts/application.html.erb (Duration: 10927.9ms | Allocations: 24789)
Completed 200 OK in 10984ms (Views: 10944.1ms | ActiveRecord: 0.6ms | Allocations: 30096)


[Webpacker] Compiled all packs in /home/mert/Desktop/members-only/public/packs
[Webpacker] Hash: e332c6419728fac579d5
Version: webpack 4.46.0
Time: 2276ms
Built at: 04/20/2021 11:38:16 AM
                                     Asset       Size       Chunks                         Chunk Names
    js/application-f826770d917d8a37c1d8.js    125 KiB  application  [emitted] [immutable]  application
js/application-f826770d917d8a37c1d8.js.map    139 KiB  application  [emitted] [dev]        application
                             manifest.json  364 bytes               [emitted]              
Entrypoint application = js/application-f826770d917d8a37c1d8.js js/application-f826770d917d8a37c1d8.js.map
[./app/javascript/channels sync recursive _channel\.js$] ./app/javascript/channels sync _channel\.js$ 160 bytes {application} [built]
[./app/javascript/channels/index.js] 211 bytes {application} [built]
[./app/javascript/packs/application.js] 492 bytes {application} [built]
[./node_modules/webpack/buildin/module.js] (webpack)/buildin/module.js 552 bytes {application} [built]
    + 3 hidden modules

  Rendered layout layouts/application.html.erb (Duration: 8114.2ms | Allocations: 8023)
Completed 200 OK in 8121ms (Views: 8113.3ms | ActiveRecord: 4.0ms | Allocations: 8446)


Started GET "/" for 127.0.0.1 at 2021-04-20 11:41:36 +0300
Processing by PostsController#index as HTML
  Rendering layout layouts/application.html.erb
  Rendering posts/index.html.erb within layouts/application
  [1m[36mPost Load (0.2ms)[0m  [1m[34mSELECT "posts".* FROM "posts"[0m
  ↳ app/views/posts/index.html.erb:16
  Rendered posts/index.html.erb within layouts/application (Duration: 6.6ms | Allocations: 999)
[Webpacker] Everything's up-to-date. Nothing to do
  Rendered shared/_navbar.html.erb (Duration: 0.6ms | Allocations: 132)
  Rendered layout layouts/application.html.erb (Duration: 15.4ms | Allocations: 4533)
Completed 200 OK in 21ms (Views: 18.5ms | ActiveRecord: 0.2ms | Allocations: 5889)


Started GET "/" for 127.0.0.1 at 2021-04-20 11:41:40 +0300
Processing by PostsController#index as HTML
  Rendering layout layouts/application.html.erb
  Rendering posts/index.html.erb within layouts/application
  [1m[36mPost Load (0.1ms)[0m  [1m[34mSELECT "posts".* FROM "posts"[0m
  ↳ app/views/posts/index.html.erb:16
  Rendered posts/index.html.erb within layouts/application (Duration: 2.7ms | Allocations: 728)
[Webpacker] Everything's up-to-date. Nothing to do
  Rendered shared/_navbar.html.erb (Duration: 0.2ms | Allocations: 39)
  Rendered layout layouts/application.html.erb (Duration: 13.8ms | Allocations: 4312)
Completed 200 OK in 16ms (Views: 14.5ms | ActiveRecord: 0.1ms | Allocations: 4787)


Started GET "/" for 127.0.0.1 at 2021-04-20 11:41:40 +0300
Processing by PostsController#index as HTML
  Rendering layout layouts/application.html.erb
  Rendering posts/index.html.erb within layouts/application
  [1m[36mPost Load (0.4ms)[0m  [1m[34mSELECT "posts".* FROM "posts"[0m
  ↳ app/views/posts/index.html.erb:16
  Rendered posts/index.html.erb within layouts/application (Duration: 4.9ms | Allocations: 728)
[Webpacker] Everything's up-to-date. Nothing to do
  Rendered shared/_navbar.html.erb (Duration: 0.2ms | Allocations: 39)
  Rendered layout layouts/application.html.erb (Duration: 12.7ms | Allocations: 3733)
Completed 200 OK in 15ms (Views: 13.4ms | ActiveRecord: 0.4ms | Allocations: 4206)


Started GET "/" for 127.0.0.1 at 2021-04-20 11:44:01 +0300
Processing by PostsController#index as HTML
  Rendering layout layouts/application.html.erb
  Rendering posts/index.html.erb within layouts/application
  [1m[36mPost Load (0.7ms)[0m  [1m[34mSELECT "posts".* FROM "posts"[0m
  ↳ app/views/posts/index.html.erb:16
  Rendered posts/index.html.erb within layouts/application (Duration: 24.3ms | Allocations: 1323)
[Webpacker] Everything's up-to-date. Nothing to do
  Rendered shared/_navbar.html.erb (Duration: 1.2ms | Allocations: 125)
  Rendered layout layouts/application.html.erb (Duration: 49.3ms | Allocations: 4824)
Completed 200 OK in 60ms (Views: 56.1ms | ActiveRecord: 0.7ms | Allocations: 6138)


Started GET "/" for 127.0.0.1 at 2021-04-20 11:51:46 +0300
Processing by PostsController#index as HTML
  Rendering layout layouts/application.html.erb
  Rendering posts/index.html.erb within layouts/application
  [1m[35m (0.1ms)[0m  [1m[34mSELECT sqlite_version(*)[0m
  ↳ app/views/posts/index.html.erb:6
  [1m[36mPost Load (0.7ms)[0m  [1m[34mSELECT "posts".* FROM "posts"[0m
  ↳ app/views/posts/index.html.erb:6
  Rendered posts/index.html.erb within layouts/application (Duration: 13.1ms | Allocations: 1651)
[Webpacker] Everything's up-to-date. Nothing to do
  Rendered shared/_navbar.html.erb (Duration: 6.8ms | Allocations: 1831)
  Rendered layout layouts/application.html.erb (Duration: 32.5ms | Allocations: 6839)
Completed 500 Internal Server Error in 40ms (ActiveRecord: 1.7ms | Allocations: 8687)


  
ActionView::SyntaxErrorInTemplate (Encountered a syntax error while rendering template: check <nav class="navbar navbar-expand-lg navbar-light bg-light">
  <div class="container-fluid">
    <div class="collapse navbar-collapse" id="navbarNav">
      <ul class="navbar-nav">
      <%= if user_signed_in? do %>
        <li class="nav-item">
          <%= link_to 'New Post', new_post_path, class:"nav-link active" %>
        </li>
        <li class="nav-item">
          <a class="nav-link active" aria-current="page" href="#">Logout</a>
        </li>
        <% else %>
        <li class="nav-item">
          <a class="nav-link active" aria-current="page" href="#">Register</a>
        </li>
        <li class="nav-item">
          <a class="nav-link active" aria-current="page" href="#">Login</a>
        </li>
        <% end %>
      </ul>
    </div>
  </div>
</nav>




):
1:    <nav class="navbar navbar-expand-lg navbar-light bg-light">
2:      <div class="container-fluid">
3:        <div class="collapse navbar-collapse" id="navbarNav">
4:          <ul class="navbar-nav">
5:          <%= if user_signed_in? do %>
6:            <li class="nav-item">
7:              <%= link_to 'New Post', new_post_path, class:"nav-link active" %>
8:            </li>
9:            <li class="nav-item">
10:              <a class="nav-link active" aria-current="page" href="#">Logout</a>
11:            </li>
12:            <% else %>
13:            <li class="nav-item">
14:              <a class="nav-link active" aria-current="page" href="#">Register</a>
15:            </li>
16:            <li class="nav-item">
17:              <a class="nav-link active" aria-current="page" href="#">Login</a>
18:            </li>
19:            <% end %>
20:          </ul>
21:        </div>
22:      </div>
23:    </nav>
  
app/views/shared/_navbar.html.erb:12: else without rescue is useless
app/views/shared/_navbar.html.erb:29: syntax error, unexpected end-of-input, expecting `end'
app/views/shared/_navbar.html.erb:12: else without rescue is useless
app/views/shared/_navbar.html.erb:29: syntax error, unexpected end-of-input, expecting `end'
app/views/shared/_navbar.html.erb:12: else without rescue is useless
app/views/shared/_navbar.html.erb:29: syntax error, unexpected end-of-input, expecting `end'
app/views/shared/_navbar.html.erb:12: else without rescue is useless
app/views/shared/_navbar.html.erb:29: syntax error, unexpected end-of-input, expecting `end'
app/views/shared/_navbar.html.erb:12: else without rescue is useless
app/views/shared/_navbar.html.erb:29: syntax error, unexpected end-of-input, expecting `end'
app/views/shared/_navbar.html.erb:12: else without rescue is useless
app/views/shared/_navbar.html.erb:29: syntax error, unexpected end-of-input, expecting `end'
app/views/layouts/application.html.erb:15
Started GET "/" for 127.0.0.1 at 2021-04-20 11:52:06 +0300
Processing by PostsController#index as HTML
  Rendering layout layouts/application.html.erb
  Rendering posts/index.html.erb within layouts/application
  [1m[36mPost Load (0.4ms)[0m  [1m[34mSELECT "posts".* FROM "posts"[0m
  ↳ app/views/posts/index.html.erb:6
  Rendered posts/index.html.erb within layouts/application (Duration: 7.5ms | Allocations: 869)
[Webpacker] Everything's up-to-date. Nothing to do
  Rendered shared/_navbar.html.erb (Duration: 3.6ms | Allocations: 1191)
  Rendered layout layouts/application.html.erb (Duration: 22.5ms | Allocations: 5438)
Completed 500 Internal Server Error in 37ms (ActiveRecord: 0.4ms | Allocations: 6726)


  
ActionView::SyntaxErrorInTemplate (Encountered a syntax error while rendering template: check <nav class="navbar navbar-expand-lg navbar-light bg-light">
  <div class="container-fluid">
    <div class="collapse navbar-collapse" id="navbarNav">
      <ul class="navbar-nav">
      <%= if user_signed_in? do %>
        <li class="nav-item">
          <%= link_to 'New Post', new_post_path, class:"nav-link active" %>
        </li>
        <li class="nav-item">
          <a class="nav-link active" aria-current="page" href="#">Logout</a>
        </li>
        <%= else %>
        <li class="nav-item">
          <a class="nav-link active" aria-current="page" href="#">Register</a>
        </li>
        <li class="nav-item">
          <a class="nav-link active" aria-current="page" href="#">Login</a>
        </li>
        <% end %>
      </ul>
    </div>
  </div>
</nav>




):
1:    <nav class="navbar navbar-expand-lg navbar-light bg-light">
2:      <div class="container-fluid">
3:        <div class="collapse navbar-collapse" id="navbarNav">
4:          <ul class="navbar-nav">
5:          <%= if user_signed_in? do %>
6:            <li class="nav-item">
7:              <%= link_to 'New Post', new_post_path, class:"nav-link active" %>
8:            </li>
9:            <li class="nav-item">
10:              <a class="nav-link active" aria-current="page" href="#">Logout</a>
11:            </li>
12:            <%= else %>
13:            <li class="nav-item">
14:              <a class="nav-link active" aria-current="page" href="#">Register</a>
15:            </li>
16:            <li class="nav-item">
17:              <a class="nav-link active" aria-current="page" href="#">Login</a>
18:            </li>
19:            <% end %>
20:          </ul>
21:        </div>
22:      </div>
23:    </nav>
  
app/views/shared/_navbar.html.erb:12: syntax error, unexpected `else'
app/views/shared/_navbar.html.erb:19: syntax error, unexpected `end', expecting ')'
app/views/shared/_navbar.html.erb:29: syntax error, unexpected `end', expecting ')'
app/views/shared/_navbar.html.erb:12: syntax error, unexpected `else'
app/views/shared/_navbar.html.erb:19: syntax error, unexpected `end', expecting ')'
app/views/shared/_navbar.html.erb:29: syntax error, unexpected `end', expecting ')'
app/views/shared/_navbar.html.erb:12: syntax error, unexpected `else'
app/views/shared/_navbar.html.erb:19: syntax error, unexpected `end', expecting ')'
app/views/shared/_navbar.html.erb:29: syntax error, unexpected `end', expecting ')'
app/views/shared/_navbar.html.erb:12: syntax error, unexpected `else'
app/views/shared/_navbar.html.erb:19: syntax error, unexpected `end', expecting ')'
app/views/shared/_navbar.html.erb:29: syntax error, unexpected `end', expecting ')'
app/views/shared/_navbar.html.erb:12: syntax error, unexpected `else'
app/views/shared/_navbar.html.erb:19: syntax error, unexpected `end', expecting ')'
app/views/shared/_navbar.html.erb:29: syntax error, unexpected `end', expecting ')'
app/views/shared/_navbar.html.erb:12: syntax error, unexpected `else'
app/views/shared/_navbar.html.erb:19: syntax error, unexpected `end', expecting ')'
app/views/shared/_navbar.html.erb:29: syntax error, unexpected `end', expecting ')'
app/views/layouts/application.html.erb:15
Started GET "/" for 127.0.0.1 at 2021-04-20 11:52:42 +0300
Processing by PostsController#index as HTML
  Rendering layout layouts/application.html.erb
  Rendering posts/index.html.erb within layouts/application
  [1m[36mPost Load (0.3ms)[0m  [1m[34mSELECT "posts".* FROM "posts"[0m
  ↳ app/views/posts/index.html.erb:6
  Rendered posts/index.html.erb within layouts/application (Duration: 7.7ms | Allocations: 868)
[Webpacker] Everything's up-to-date. Nothing to do
  Rendered shared/_navbar.html.erb (Duration: 2.1ms | Allocations: 1192)
  Rendered layout layouts/application.html.erb (Duration: 34.0ms | Allocations: 5438)
Completed 500 Internal Server Error in 52ms (ActiveRecord: 0.3ms | Allocations: 6727)


  
ActionView::SyntaxErrorInTemplate (Encountered a syntax error while rendering template: check <nav class="navbar navbar-expand-lg navbar-light bg-light">
  <div class="container-fluid">
    <div class="collapse navbar-collapse" id="navbarNav">
      <ul class="navbar-nav">
      <%= if user_signed_in? %>
        <li class="nav-item">
          <%= link_to 'New Post', new_post_path, class:"nav-link active" %>
        </li>
        <li class="nav-item">
          <a class="nav-link active" aria-current="page" href="#">Logout</a>
        </li>
        <% else %>
        <li class="nav-item">
          <a class="nav-link active" aria-current="page" href="#">Register</a>
        </li>
        <li class="nav-item">
          <a class="nav-link active" aria-current="page" href="#">Login</a>
        </li>
        <% end %>
      </ul>
    </div>
  </div>
</nav>




):
1:    <nav class="navbar navbar-expand-lg navbar-light bg-light">
2:      <div class="container-fluid">
3:        <div class="collapse navbar-collapse" id="navbarNav">
4:          <ul class="navbar-nav">
5:          <%= if user_signed_in? %>
6:            <li class="nav-item">
7:              <%= link_to 'New Post', new_post_path, class:"nav-link active" %>
8:            </li>
9:            <li class="nav-item">
10:              <a class="nav-link active" aria-current="page" href="#">Logout</a>
11:            </li>
12:            <% else %>
13:            <li class="nav-item">
14:              <a class="nav-link active" aria-current="page" href="#">Register</a>
15:            </li>
16:            <li class="nav-item">
17:              <a class="nav-link active" aria-current="page" href="#">Login</a>
18:            </li>
19:            <% end %>
20:          </ul>
21:        </div>
22:      </div>
23:    </nav>
  
app/views/shared/_navbar.html.erb:5: syntax error, unexpected ')', expecting `then' or ';' or '\n'
app/views/shared/_navbar.html.erb:12: syntax error, unexpected `else', expecting ')'
app/views/shared/_navbar.html.erb:19: syntax error, unexpected `end', expecting ')'
app/views/shared/_navbar.html.erb:29: syntax error, unexpected `end', expecting ')'
app/views/shared/_navbar.html.erb:5: syntax error, unexpected ')', expecting `then' or ';' or '\n'
app/views/shared/_navbar.html.erb:12: syntax error, unexpected `else', expecting ')'
app/views/shared/_navbar.html.erb:19: syntax error, unexpected `end', expecting ')'
app/views/shared/_navbar.html.erb:29: syntax error, unexpected `end', expecting ')'
app/views/shared/_navbar.html.erb:5: syntax error, unexpected ')', expecting `then' or ';' or '\n'
app/views/shared/_navbar.html.erb:12: syntax error, unexpected `else', expecting ')'
app/views/shared/_navbar.html.erb:19: syntax error, unexpected `end', expecting ')'
app/views/shared/_navbar.html.erb:29: syntax error, unexpected `end', expecting ')'
app/views/shared/_navbar.html.erb:5: syntax error, unexpected ')', expecting `then' or ';' or '\n'
app/views/shared/_navbar.html.erb:12: syntax error, unexpected `else', expecting ')'
app/views/shared/_navbar.html.erb:19: syntax error, unexpected `end', expecting ')'
app/views/shared/_navbar.html.erb:29: syntax error, unexpected `end', expecting ')'
app/views/shared/_navbar.html.erb:5: syntax error, unexpected ')', expecting `then' or ';' or '\n'
app/views/shared/_navbar.html.erb:12: syntax error, unexpected `else', expecting ')'
app/views/shared/_navbar.html.erb:19: syntax error, unexpected `end', expecting ')'
app/views/shared/_navbar.html.erb:29: syntax error, unexpected `end', expecting ')'
app/views/shared/_navbar.html.erb:5: syntax error, unexpected ')', expecting `then' or ';' or '\n'
app/views/shared/_navbar.html.erb:12: syntax error, unexpected `else', expecting ')'
app/views/shared/_navbar.html.erb:19: syntax error, unexpected `end', expecting ')'
app/views/shared/_navbar.html.erb:29: syntax error, unexpected `end', expecting ')'
app/views/layouts/application.html.erb:15
Started GET "/" for 127.0.0.1 at 2021-04-20 11:53:34 +0300
Processing by PostsController#index as HTML
  Rendering layout layouts/application.html.erb
  Rendering posts/index.html.erb within layouts/application
  [1m[36mPost Load (0.3ms)[0m  [1m[34mSELECT "posts".* FROM "posts"[0m
  ↳ app/views/posts/index.html.erb:6
  Rendered posts/index.html.erb within layouts/application (Duration: 7.9ms | Allocations: 868)
[Webpacker] Everything's up-to-date. Nothing to do
  Rendered shared/_navbar.html.erb (Duration: 6.5ms | Allocations: 1193)
  Rendered layout layouts/application.html.erb (Duration: 28.9ms | Allocations: 5439)
Completed 500 Internal Server Error in 38ms (ActiveRecord: 0.3ms | Allocations: 6731)


  
ActionView::SyntaxErrorInTemplate (Encountered a syntax error while rendering template: check <nav class="navbar navbar-expand-lg navbar-light bg-light">
  <div class="container-fluid">
    <div class="collapse navbar-collapse" id="navbarNav">
      <ul class="navbar-nav">
      <% if user_signed_in? do %>
        <li class="nav-item">
          <%= link_to 'New Post', new_post_path, class:"nav-link active" %>
        </li>
        <li class="nav-item">
          <a class="nav-link active" aria-current="page" href="#">Logout</a>
        </li>
        <% else %>
        <li class="nav-item">
          <a class="nav-link active" aria-current="page" href="#">Register</a>
        </li>
        <li class="nav-item">
          <a class="nav-link active" aria-current="page" href="#">Login</a>
        </li>
        <% end %>
      </ul>
    </div>
  </div>
</nav>




):
1:    <nav class="navbar navbar-expand-lg navbar-light bg-light">
2:      <div class="container-fluid">
3:        <div class="collapse navbar-collapse" id="navbarNav">
4:          <ul class="navbar-nav">
5:          <% if user_signed_in? do %>
6:            <li class="nav-item">
7:              <%= link_to 'New Post', new_post_path, class:"nav-link active" %>
8:            </li>
9:            <li class="nav-item">
10:              <a class="nav-link active" aria-current="page" href="#">Logout</a>
11:            </li>
12:            <% else %>
13:            <li class="nav-item">
14:              <a class="nav-link active" aria-current="page" href="#">Register</a>
15:            </li>
16:            <li class="nav-item">
17:              <a class="nav-link active" aria-current="page" href="#">Login</a>
18:            </li>
19:            <% end %>
20:          </ul>
21:        </div>
22:      </div>
23:    </nav>
  
app/views/shared/_navbar.html.erb:12: else without rescue is useless
app/views/shared/_navbar.html.erb:29: syntax error, unexpected end-of-input, expecting `end'
app/views/shared/_navbar.html.erb:12: else without rescue is useless
app/views/shared/_navbar.html.erb:29: syntax error, unexpected end-of-input, expecting `end'
app/views/shared/_navbar.html.erb:12: else without rescue is useless
app/views/shared/_navbar.html.erb:29: syntax error, unexpected end-of-input, expecting `end'
app/views/shared/_navbar.html.erb:12: else without rescue is useless
app/views/shared/_navbar.html.erb:29: syntax error, unexpected end-of-input, expecting `end'
app/views/shared/_navbar.html.erb:12: else without rescue is useless
app/views/shared/_navbar.html.erb:29: syntax error, unexpected end-of-input, expecting `end'
app/views/shared/_navbar.html.erb:12: else without rescue is useless
app/views/shared/_navbar.html.erb:29: syntax error, unexpected end-of-input, expecting `end'
app/views/layouts/application.html.erb:15
Started GET "/" for 127.0.0.1 at 2021-04-20 11:54:21 +0300
Processing by PostsController#index as HTML
  Rendering layout layouts/application.html.erb
  Rendering posts/index.html.erb within layouts/application
  [1m[36mPost Load (0.2ms)[0m  [1m[34mSELECT "posts".* FROM "posts"[0m
  ↳ app/views/posts/index.html.erb:6
  Rendered posts/index.html.erb within layouts/application (Duration: 4.3ms | Allocations: 868)
[Webpacker] Everything's up-to-date. Nothing to do
  Rendered shared/_navbar.html.erb (Duration: 1.9ms | Allocations: 1202)
  Rendered layout layouts/application.html.erb (Duration: 18.7ms | Allocations: 5445)
Completed 500 Internal Server Error in 24ms (ActiveRecord: 0.2ms | Allocations: 6734)


  
ActionView::SyntaxErrorInTemplate (Encountered a syntax error while rendering template: check <nav class="navbar navbar-expand-lg navbar-light bg-light">
  <div class="container-fluid">
    <div class="collapse navbar-collapse" id="navbarNav">
      <ul class="navbar-nav">
      <% if user_signed_in? do %>
        <li class="nav-item">
          <%= link_to 'New Post', new_post_path, class:"nav-link active" %>
        </li>
        <li class="nav-item">
          <a class="nav-link active" aria-current="page" href="#">Logout</a>
        </li>
        <% end %>
        <% if !user_signed_in? do %>
        <li class="nav-item">
          <a class="nav-link active" aria-current="page" href="#">Register</a>
        </li>
        <li class="nav-item">
          <a class="nav-link active" aria-current="page" href="#">Login</a>
        </li>
        <% end %>
      </ul>
    </div>
  </div>
</nav>




):
1:    <nav class="navbar navbar-expand-lg navbar-light bg-light">
2:      <div class="container-fluid">
3:        <div class="collapse navbar-collapse" id="navbarNav">
4:          <ul class="navbar-nav">
5:          <% if user_signed_in? do %>
6:            <li class="nav-item">
7:              <%= link_to 'New Post', new_post_path, class:"nav-link active" %>
8:            </li>
9:            <li class="nav-item">
10:              <a class="nav-link active" aria-current="page" href="#">Logout</a>
11:            </li>
12:            <% end %>
13:            <% if !user_signed_in? do %>
14:            <li class="nav-item">
15:              <a class="nav-link active" aria-current="page" href="#">Register</a>
16:            </li>
17:            <li class="nav-item">
18:              <a class="nav-link active" aria-current="page" href="#">Login</a>
19:            </li>
20:            <% end %>
21:          </ul>
22:        </div>
23:      </div>
24:    </nav>
  
app/views/shared/_navbar.html.erb:30: syntax error, unexpected end-of-input, expecting `end'
app/views/shared/_navbar.html.erb:30: syntax error, unexpected end-of-input, expecting `end'
app/views/shared/_navbar.html.erb:30: syntax error, unexpected end-of-input, expecting `end'
app/views/shared/_navbar.html.erb:30: syntax error, unexpected end-of-input, expecting `end'
app/views/shared/_navbar.html.erb:30: syntax error, unexpected end-of-input, expecting `end'
app/views/shared/_navbar.html.erb:30: syntax error, unexpected end-of-input, expecting `end'
app/views/layouts/application.html.erb:15
Started GET "/" for 127.0.0.1 at 2021-04-20 11:54:26 +0300
Processing by PostsController#index as HTML
  Rendering layout layouts/application.html.erb
  Rendering posts/index.html.erb within layouts/application
  [1m[36mPost Load (0.2ms)[0m  [1m[34mSELECT "posts".* FROM "posts"[0m
  ↳ app/views/posts/index.html.erb:6
  Rendered posts/index.html.erb within layouts/application (Duration: 4.6ms | Allocations: 689)
[Webpacker] Everything's up-to-date. Nothing to do
  Rendered shared/_navbar.html.erb (Duration: 5.1ms | Allocations: 1193)
  Rendered layout layouts/application.html.erb (Duration: 19.9ms | Allocations: 4847)
Completed 500 Internal Server Error in 24ms (ActiveRecord: 0.2ms | Allocations: 5277)


  
ActionView::SyntaxErrorInTemplate (Encountered a syntax error while rendering template: check <nav class="navbar navbar-expand-lg navbar-light bg-light">
  <div class="container-fluid">
    <div class="collapse navbar-collapse" id="navbarNav">
      <ul class="navbar-nav">
      <% if user_signed_in? do %>
        <li class="nav-item">
          <%= link_to 'New Post', new_post_path, class:"nav-link active" %>
        </li>
        <li class="nav-item">
          <a class="nav-link active" aria-current="page" href="#">Logout</a>
        </li>
        <% end %>
        <% if !user_signed_in? do %>
        <li class="nav-item">
          <a class="nav-link active" aria-current="page" href="#">Register</a>
        </li>
        <li class="nav-item">
          <a class="nav-link active" aria-current="page" href="#">Login</a>
        </li>
        <% end %>
      </ul>
    </div>
  </div>
</nav>




):
1:    <nav class="navbar navbar-expand-lg navbar-light bg-light">
2:      <div class="container-fluid">
3:        <div class="collapse navbar-collapse" id="navbarNav">
4:          <ul class="navbar-nav">
5:          <% if user_signed_in? do %>
6:            <li class="nav-item">
7:              <%= link_to 'New Post', new_post_path, class:"nav-link active" %>
8:            </li>
9:            <li class="nav-item">
10:              <a class="nav-link active" aria-current="page" href="#">Logout</a>
11:            </li>
12:            <% end %>
13:            <% if !user_signed_in? do %>
14:            <li class="nav-item">
15:              <a class="nav-link active" aria-current="page" href="#">Register</a>
16:            </li>
17:            <li class="nav-item">
18:              <a class="nav-link active" aria-current="page" href="#">Login</a>
19:            </li>
20:            <% end %>
21:          </ul>
22:        </div>
23:      </div>
24:    </nav>
  
app/views/shared/_navbar.html.erb:30: syntax error, unexpected end-of-input, expecting `end'
app/views/shared/_navbar.html.erb:30: syntax error, unexpected end-of-input, expecting `end'
app/views/shared/_navbar.html.erb:30: syntax error, unexpected end-of-input, expecting `end'
app/views/shared/_navbar.html.erb:30: syntax error, unexpected end-of-input, expecting `end'
app/views/shared/_navbar.html.erb:30: syntax error, unexpected end-of-input, expecting `end'
app/views/shared/_navbar.html.erb:30: syntax error, unexpected end-of-input, expecting `end'
app/views/layouts/application.html.erb:15
Started GET "/" for 127.0.0.1 at 2021-04-20 11:54:56 +0300
Processing by PostsController#index as HTML
  Rendering layout layouts/application.html.erb
  Rendering posts/index.html.erb within layouts/application
  [1m[36mPost Load (0.2ms)[0m  [1m[34mSELECT "posts".* FROM "posts"[0m
  ↳ app/views/posts/index.html.erb:6
  Rendered posts/index.html.erb within layouts/application (Duration: 6.0ms | Allocations: 868)
[Webpacker] Everything's up-to-date. Nothing to do
  Rendered shared/_navbar.html.erb (Duration: 6.1ms | Allocations: 394)
  Rendered layout layouts/application.html.erb (Duration: 51.3ms | Allocations: 4648)
Completed 200 OK in 69ms (Views: 62.5ms | ActiveRecord: 0.2ms | Allocations: 5973)


Started GET "/" for 127.0.0.1 at 2021-04-20 11:54:58 +0300
Processing by PostsController#index as HTML
  Rendering layout layouts/application.html.erb
  Rendering posts/index.html.erb within layouts/application
  [1m[36mPost Load (0.1ms)[0m  [1m[34mSELECT "posts".* FROM "posts"[0m
  ↳ app/views/posts/index.html.erb:6
  Rendered posts/index.html.erb within layouts/application (Duration: 2.9ms | Allocations: 690)
[Webpacker] Everything's up-to-date. Nothing to do
  Rendered shared/_navbar.html.erb (Duration: 0.9ms | Allocations: 131)
  Rendered layout layouts/application.html.erb (Duration: 14.5ms | Allocations: 3786)
Completed 200 OK in 17ms (Views: 15.7ms | ActiveRecord: 0.1ms | Allocations: 4291)


Started GET "/" for 127.0.0.1 at 2021-04-20 11:54:59 +0300
Processing by PostsController#index as HTML
  Rendering layout layouts/application.html.erb
  Rendering posts/index.html.erb within layouts/application
  [1m[36mPost Load (0.2ms)[0m  [1m[34mSELECT "posts".* FROM "posts"[0m
  ↳ app/views/posts/index.html.erb:6
  Rendered posts/index.html.erb within layouts/application (Duration: 4.4ms | Allocations: 689)
[Webpacker] Everything's up-to-date. Nothing to do
  Rendered shared/_navbar.html.erb (Duration: 0.5ms | Allocations: 131)
  Rendered layout layouts/application.html.erb (Duration: 15.7ms | Allocations: 3785)
Completed 200 OK in 17ms (Views: 16.3ms | ActiveRecord: 0.2ms | Allocations: 4253)


Started GET "/" for 127.0.0.1 at 2021-04-20 11:56:29 +0300
Processing by PostsController#index as HTML
  Rendering layout layouts/application.html.erb
  Rendering posts/index.html.erb within layouts/application
  [1m[36mPost Load (0.2ms)[0m  [1m[34mSELECT "posts".* FROM "posts"[0m
  ↳ app/views/posts/index.html.erb:6
  Rendered posts/index.html.erb within layouts/application (Duration: 6.0ms | Allocations: 868)
[Webpacker] Everything's up-to-date. Nothing to do
  Rendered shared/_navbar.html.erb (Duration: 2.7ms | Allocations: 272)
  Rendered layout layouts/application.html.erb (Duration: 29.1ms | Allocations: 4519)
Completed 200 OK in 47ms (Views: 40.4ms | ActiveRecord: 0.2ms | Allocations: 5843)


Started GET "/" for 127.0.0.1 at 2021-04-20 11:56:30 +0300
Processing by PostsController#index as HTML
  Rendering layout layouts/application.html.erb
  Rendering posts/index.html.erb within layouts/application
  [1m[36mPost Load (1.1ms)[0m  [1m[34mSELECT "posts".* FROM "posts"[0m
  ↳ app/views/posts/index.html.erb:6
  Rendered posts/index.html.erb within layouts/application (Duration: 10.5ms | Allocations: 689)
[Webpacker] Everything's up-to-date. Nothing to do
  Rendered shared/_navbar.html.erb (Duration: 0.5ms | Allocations: 108)
  Rendered layout layouts/application.html.erb (Duration: 22.7ms | Allocations: 3762)
Completed 200 OK in 29ms (Views: 24.5ms | ActiveRecord: 1.1ms | Allocations: 4228)


Started GET "/asdklfdlasjfadsklf" for 127.0.0.1 at 2021-04-20 11:56:59 +0300
  
ActionController::RoutingError (No route matches [GET] "/asdklfdlasjfadsklf"):
  
Started GET "/" for 127.0.0.1 at 2021-04-20 11:59:31 +0300
Processing by PostsController#index as HTML
  Rendering layout layouts/application.html.erb
  Rendering posts/index.html.erb within layouts/application
  [1m[36mPost Load (0.4ms)[0m  [1m[34mSELECT "posts".* FROM "posts"[0m
  ↳ app/views/posts/index.html.erb:6
  Rendered posts/index.html.erb within layouts/application (Duration: 11.4ms | Allocations: 868)
[Webpacker] Everything's up-to-date. Nothing to do
  Rendered shared/_navbar.html.erb (Duration: 5.4ms | Allocations: 417)
  Rendered layout layouts/application.html.erb (Duration: 37.6ms | Allocations: 4671)
Completed 200 OK in 51ms (Views: 45.2ms | ActiveRecord: 0.4ms | Allocations: 5996)


Started GET "/users/sign_up" for 127.0.0.1 at 2021-04-20 11:59:34 +0300
Processing by Devise::RegistrationsController#new as HTML
  Rendering layout layouts/application.html.erb
  Rendering /usr/local/lib/ruby/gems/3.0.0/gems/devise-4.7.3/app/views/devise/registrations/new.html.erb within layouts/application
  Rendered /usr/local/lib/ruby/gems/3.0.0/gems/devise-4.7.3/app/views/devise/shared/_error_messages.html.erb (Duration: 1.8ms | Allocations: 226)
  Rendered /usr/local/lib/ruby/gems/3.0.0/gems/devise-4.7.3/app/views/devise/shared/_links.html.erb (Duration: 5.4ms | Allocations: 542)
  Rendered /usr/local/lib/ruby/gems/3.0.0/gems/devise-4.7.3/app/views/devise/registrations/new.html.erb within layouts/application (Duration: 53.8ms | Allocations: 9387)
[Webpacker] Everything's up-to-date. Nothing to do
  Rendered shared/_navbar.html.erb (Duration: 0.9ms | Allocations: 142)
  Rendered layout layouts/application.html.erb (Duration: 68.0ms | Allocations: 12466)
Completed 200 OK in 94ms (Views: 73.6ms | ActiveRecord: 2.2ms | Allocations: 18423)


Started GET "/users/sign_in" for 127.0.0.1 at 2021-04-20 11:59:37 +0300
Processing by Devise::SessionsController#new as HTML
  Rendering layout layouts/application.html.erb
  Rendering /usr/local/lib/ruby/gems/3.0.0/gems/devise-4.7.3/app/views/devise/sessions/new.html.erb within layouts/application
  Rendered /usr/local/lib/ruby/gems/3.0.0/gems/devise-4.7.3/app/views/devise/shared/_links.html.erb (Duration: 1.8ms | Allocations: 238)
  Rendered /usr/local/lib/ruby/gems/3.0.0/gems/devise-4.7.3/app/views/devise/sessions/new.html.erb within layouts/application (Duration: 16.2ms | Allocations: 2378)
[Webpacker] Everything's up-to-date. Nothing to do
  Rendered shared/_navbar.html.erb (Duration: 1.3ms | Allocations: 142)
  Rendered layout layouts/application.html.erb (Duration: 30.4ms | Allocations: 5612)
Completed 200 OK in 41ms (Views: 35.3ms | ActiveRecord: 0.0ms | Allocations: 7530)


Started GET "/users/sign_up" for 127.0.0.1 at 2021-04-20 11:59:38 +0300
Processing by Devise::RegistrationsController#new as HTML
  Rendering layout layouts/application.html.erb
  Rendering /usr/local/lib/ruby/gems/3.0.0/gems/devise-4.7.3/app/views/devise/registrations/new.html.erb within layouts/application
  Rendered /usr/local/lib/ruby/gems/3.0.0/gems/devise-4.7.3/app/views/devise/shared/_error_messages.html.erb (Duration: 0.4ms | Allocations: 47)
  Rendered /usr/local/lib/ruby/gems/3.0.0/gems/devise-4.7.3/app/views/devise/shared/_links.html.erb (Duration: 2.0ms | Allocations: 109)
  Rendered /usr/local/lib/ruby/gems/3.0.0/gems/devise-4.7.3/app/views/devise/registrations/new.html.erb within layouts/application (Duration: 22.9ms | Allocations: 1651)
[Webpacker] Everything's up-to-date. Nothing to do
  Rendered shared/_navbar.html.erb (Duration: 1.6ms | Allocations: 128)
  Rendered layout layouts/application.html.erb (Duration: 41.9ms | Allocations: 4757)
Completed 200 OK in 52ms (Views: 45.6ms | ActiveRecord: 0.0ms | Allocations: 5360)


Started GET "/" for 127.0.0.1 at 2021-04-20 12:00:20 +0300
Processing by PostsController#index as HTML
  Rendering layout layouts/application.html.erb
  Rendering posts/index.html.erb within layouts/application
  [1m[36mPost Load (0.3ms)[0m  [1m[34mSELECT "posts".* FROM "posts"[0m
  ↳ app/views/posts/index.html.erb:6
  Rendered posts/index.html.erb within layouts/application (Duration: 5.1ms | Allocations: 692)
[Webpacker] Everything's up-to-date. Nothing to do
  Rendered shared/_navbar.html.erb (Duration: 1.7ms | Allocations: 168)
  Rendered layout layouts/application.html.erb (Duration: 23.3ms | Allocations: 3825)
Completed 200 OK in 27ms (Views: 24.5ms | ActiveRecord: 0.3ms | Allocations: 4292)


Started GET "/users/sign_up" for 127.0.0.1 at 2021-04-20 12:00:22 +0300
Processing by Devise::RegistrationsController#new as HTML
  Rendering layout layouts/application.html.erb
  Rendering /usr/local/lib/ruby/gems/3.0.0/gems/devise-4.7.3/app/views/devise/registrations/new.html.erb within layouts/application
  Rendered /usr/local/lib/ruby/gems/3.0.0/gems/devise-4.7.3/app/views/devise/shared/_error_messages.html.erb (Duration: 0.4ms | Allocations: 47)
  Rendered /usr/local/lib/ruby/gems/3.0.0/gems/devise-4.7.3/app/views/devise/shared/_links.html.erb (Duration: 0.8ms | Allocations: 109)
  Rendered /usr/local/lib/ruby/gems/3.0.0/gems/devise-4.7.3/app/views/devise/registrations/new.html.erb within layouts/application (Duration: 9.9ms | Allocations: 1071)
[Webpacker] Everything's up-to-date. Nothing to do
  Rendered shared/_navbar.html.erb (Duration: 0.8ms | Allocations: 128)
  Rendered layout layouts/application.html.erb (Duration: 42.1ms | Allocations: 4768)
Completed 200 OK in 46ms (Views: 43.6ms | ActiveRecord: 0.0ms | Allocations: 5371)


Started POST "/users" for 127.0.0.1 at 2021-04-20 12:00:37 +0300
Processing by Devise::RegistrationsController#create as HTML
  Parameters: {"authenticity_token"=>"[FILTERED]", "user"=>{"email"=>"try@one", "password"=>"[FILTERED]", "password_confirmation"=>"[FILTERED]"}, "commit"=>"Sign up"}
  [1m[36mTRANSACTION (0.2ms)[0m  [1m[36mbegin transaction[0m
  [1m[36mUser Exists? (1.0ms)[0m  [1m[34mSELECT 1 AS one FROM "users" WHERE "users"."email" = ? LIMIT ?[0m  [["email", "try@one"], ["LIMIT", 1]]
  [1m[36mUser Create (1.1ms)[0m  [1m[32mINSERT INTO "users" ("email", "encrypted_password", "created_at", "updated_at") VALUES (?, ?, ?, ?)[0m  [["email", "try@one"], ["encrypted_password", "$2a$12$MFA2zAVMrS99FbbvtYQbaO5KW7CTV/va7XZXej3OBtpYennsz8iJK"], ["created_at", "2021-04-20 09:00:38.417983"], ["updated_at", "2021-04-20 09:00:38.417983"]]
  [1m[36mTRANSACTION (5.8ms)[0m  [1m[36mcommit transaction[0m
Redirected to http://127.0.0.1:3000/
Completed 302 Found in 460ms (ActiveRecord: 8.0ms | Allocations: 12844)


Started GET "/" for 127.0.0.1 at 2021-04-20 12:00:38 +0300
Processing by PostsController#index as HTML
  Rendering layout layouts/application.html.erb
  Rendering posts/index.html.erb within layouts/application
  [1m[36mPost Load (0.3ms)[0m  [1m[34mSELECT "posts".* FROM "posts"[0m
  ↳ app/views/posts/index.html.erb:6
  Rendered posts/index.html.erb within layouts/application (Duration: 5.4ms | Allocations: 693)
[Webpacker] Everything's up-to-date. Nothing to do
  [1m[36mUser Load (0.5ms)[0m  [1m[34mSELECT "users".* FROM "users" WHERE "users"."id" = ? ORDER BY "users"."id" ASC LIMIT ?[0m  [["id", 1], ["LIMIT", 1]]
  ↳ app/views/shared/_navbar.html.erb:5
  Rendered shared/_navbar.html.erb (Duration: 8.8ms | Allocations: 1196)
  Rendered layout layouts/application.html.erb (Duration: 25.9ms | Allocations: 4864)
Completed 200 OK in 30ms (Views: 27.0ms | ActiveRecord: 0.8ms | Allocations: 5341)


Started GET "/posts/new" for 127.0.0.1 at 2021-04-20 12:00:46 +0300
Processing by PostsController#new as HTML
  [1m[36mUser Load (0.3ms)[0m  [1m[34mSELECT "users".* FROM "users" WHERE "users"."id" = ? ORDER BY "users"."id" ASC LIMIT ?[0m  [["id", 1], ["LIMIT", 1]]
  Rendering layout layouts/application.html.erb
  Rendering posts/new.html.erb within layouts/application
  Rendered posts/_form.html.erb (Duration: 15.0ms | Allocations: 2064)
  Rendered posts/new.html.erb within layouts/application (Duration: 17.8ms | Allocations: 2452)
[Webpacker] Everything's up-to-date. Nothing to do
  Rendered shared/_navbar.html.erb (Duration: 0.6ms | Allocations: 102)
  Rendered layout layouts/application.html.erb (Duration: 29.1ms | Allocations: 5649)
Completed 200 OK in 45ms (Views: 30.3ms | ActiveRecord: 1.2ms | Allocations: 10167)


Started GET "/" for 127.0.0.1 at 2021-04-20 12:03:03 +0300
Processing by PostsController#index as HTML
  Rendering layout layouts/application.html.erb
  Rendering posts/index.html.erb within layouts/application
  [1m[36mPost Load (1.3ms)[0m  [1m[34mSELECT "posts".* FROM "posts"[0m
  ↳ app/views/posts/index.html.erb:6
  Rendered posts/index.html.erb within layouts/application (Duration: 11.6ms | Allocations: 867)
[Webpacker] Everything's up-to-date. Nothing to do
  [1m[36mUser Load (0.5ms)[0m  [1m[34mSELECT "users".* FROM "users" WHERE "users"."id" = ? ORDER BY "users"."id" ASC LIMIT ?[0m  [["id", 1], ["LIMIT", 1]]
  ↳ app/views/shared/_navbar.html.erb:5
  Rendered shared/_navbar.html.erb (Duration: 10.2ms | Allocations: 1242)
  Rendered layout layouts/application.html.erb (Duration: 43.0ms | Allocations: 5489)
Completed 200 OK in 52ms (Views: 46.9ms | ActiveRecord: 1.8ms | Allocations: 6817)


Started GET "/posts/new" for 127.0.0.1 at 2021-04-20 12:03:05 +0300
Processing by PostsController#new as HTML
  [1m[36mUser Load (0.5ms)[0m  [1m[34mSELECT "users".* FROM "users" WHERE "users"."id" = ? ORDER BY "users"."id" ASC LIMIT ?[0m  [["id", 1], ["LIMIT", 1]]
  Rendering layout layouts/application.html.erb
  Rendering posts/new.html.erb within layouts/application
  Rendered posts/_form.html.erb (Duration: 9.1ms | Allocations: 1066)
  Rendered posts/new.html.erb within layouts/application (Duration: 13.8ms | Allocations: 1411)
[Webpacker] Everything's up-to-date. Nothing to do
  Rendered shared/_navbar.html.erb (Duration: 0.5ms | Allocations: 93)
  Rendered layout layouts/application.html.erb (Duration: 30.3ms | Allocations: 5057)
Completed 200 OK in 42ms (Views: 31.5ms | ActiveRecord: 0.5ms | Allocations: 6748)


Started POST "/posts" for 127.0.0.1 at 2021-04-20 12:04:47 +0300
Processing by PostsController#create as HTML
  Parameters: {"authenticity_token"=>"[FILTERED]", "post"=>{"title"=>"tryyy", "body"=>"şfgklşasnmgjlfsnlgnjsngajs", "user_id"=>"1"}, "commit"=>"Create Post"}
  [1m[36mUser Load (0.6ms)[0m  [1m[34mSELECT "users".* FROM "users" WHERE "users"."id" = ? ORDER BY "users"."id" ASC LIMIT ?[0m  [["id", 1], ["LIMIT", 1]]
  [1m[36mTRANSACTION (0.1ms)[0m  [1m[36mbegin transaction[0m
  ↳ app/controllers/posts_controller.rb:28:in `block in create'
  [1m[36mUser Load (0.3ms)[0m  [1m[34mSELECT "users".* FROM "users" WHERE "users"."id" = ? LIMIT ?[0m  [["id", 1], ["LIMIT", 1]]
  ↳ app/controllers/posts_controller.rb:28:in `block in create'
  [1m[36mPost Create (0.4ms)[0m  [1m[32mINSERT INTO "posts" ("title", "body", "user_id", "created_at", "updated_at") VALUES (?, ?, ?, ?, ?)[0m  [["title", "tryyy"], ["body", "şfgklşasnmgjlfsnlgnjsngajs"], ["user_id", 1], ["created_at", "2021-04-20 09:04:47.903178"], ["updated_at", "2021-04-20 09:04:47.903178"]]
  ↳ app/controllers/posts_controller.rb:28:in `block in create'
  [1m[36mTRANSACTION (4.7ms)[0m  [1m[36mcommit transaction[0m
  ↳ app/controllers/posts_controller.rb:28:in `block in create'
Redirected to http://127.0.0.1:3000/posts/1
Completed 302 Found in 79ms (ActiveRecord: 6.1ms | Allocations: 12109)


Started GET "/posts/1" for 127.0.0.1 at 2021-04-20 12:04:47 +0300
Processing by PostsController#show as HTML
  Parameters: {"id"=>"1"}
  [1m[36mPost Load (0.3ms)[0m  [1m[34mSELECT "posts".* FROM "posts" WHERE "posts"."id" = ? LIMIT ?[0m  [["id", 1], ["LIMIT", 1]]
  ↳ app/controllers/posts_controller.rb:63:in `set_post'
  Rendering layout layouts/application.html.erb
  Rendering posts/show.html.erb within layouts/application
  Rendered posts/show.html.erb within layouts/application (Duration: 19.0ms | Allocations: 298)
[Webpacker] Everything's up-to-date. Nothing to do
  [1m[36mUser Load (0.3ms)[0m  [1m[34mSELECT "users".* FROM "users" WHERE "users"."id" = ? ORDER BY "users"."id" ASC LIMIT ?[0m  [["id", 1], ["LIMIT", 1]]
  ↳ app/views/shared/_navbar.html.erb:5
  Rendered shared/_navbar.html.erb (Duration: 7.1ms | Allocations: 988)
  Rendered layout layouts/application.html.erb (Duration: 34.8ms | Allocations: 4257)
Completed 200 OK in 41ms (Views: 35.5ms | ActiveRecord: 0.6ms | Allocations: 5565)


Started GET "/posts" for 127.0.0.1 at 2021-04-20 12:04:56 +0300
Processing by PostsController#index as HTML
  Rendering layout layouts/application.html.erb
  Rendering posts/index.html.erb within layouts/application
  [1m[36mPost Load (0.9ms)[0m  [1m[34mSELECT "posts".* FROM "posts"[0m
  ↳ app/views/posts/index.html.erb:6
  [1m[36mUser Load (1.0ms)[0m  [1m[34mSELECT "users".* FROM "users" WHERE "users"."id" = ? ORDER BY "users"."id" ASC LIMIT ?[0m  [["id", 1], ["LIMIT", 1]]
  ↳ app/views/posts/index.html.erb:10
  Rendered posts/index.html.erb within layouts/application (Duration: 21.4ms | Allocations: 1610)
[Webpacker] Everything's up-to-date. Nothing to do
  Rendered shared/_navbar.html.erb (Duration: 1.0ms | Allocations: 107)
  Rendered layout layouts/application.html.erb (Duration: 53.7ms | Allocations: 5234)
Completed 200 OK in 59ms (Views: 53.9ms | ActiveRecord: 2.0ms | Allocations: 5707)


Started DELETE "/users/sign_out" for 127.0.0.1 at 2021-04-20 12:05:03 +0300
Processing by Devise::SessionsController#destroy as HTML
  Parameters: {"authenticity_token"=>"[FILTERED]"}
  [1m[36mUser Load (0.5ms)[0m  [1m[34mSELECT "users".* FROM "users" WHERE "users"."id" = ? ORDER BY "users"."id" ASC LIMIT ?[0m  [["id", 1], ["LIMIT", 1]]
Redirected to http://127.0.0.1:3000/
Completed 302 Found in 25ms (ActiveRecord: 0.5ms | Allocations: 2401)


Started GET "/" for 127.0.0.1 at 2021-04-20 12:05:03 +0300
Processing by PostsController#index as HTML
  Rendering layout layouts/application.html.erb
  Rendering posts/index.html.erb within layouts/application
  [1m[36mPost Load (0.5ms)[0m  [1m[34mSELECT "posts".* FROM "posts"[0m
  ↳ app/views/posts/index.html.erb:6
  Rendered posts/index.html.erb within layouts/application (Duration: 8.8ms | Allocations: 777)
[Webpacker] Everything's up-to-date. Nothing to do
  Rendered shared/_navbar.html.erb (Duration: 0.6ms | Allocations: 128)
  Rendered layout layouts/application.html.erb (Duration: 21.8ms | Allocations: 3883)
Completed 200 OK in 26ms (Views: 22.5ms | ActiveRecord: 0.5ms | Allocations: 4354)


